<?xml version="1.0" encoding="UTF-8"?>
<!-- Generated by org.testng.reporters.JUnitXMLReporter -->
<testsuite hostname="DESKTOP-S7D7RBF" ignored="1" name="Test" tests="3" failures="0" timestamp="2020-09-13T20:12:32 IST" time="45.823" errors="0">
  <testcase name="invalidLogin" time="6.661" classname="com.crm.qa.testcases.LoginTest"/>
  <testcase name="invalidLogin" time="7.841" classname="com.crm.qa.testcases.LoginTest"/>
  <testcase name="verifyClickOnLoginButton" time="0.001" classname="com.crm.qa.testcases.LoginTest">
    <skipped/>
  </testcase> <!-- verifyClickOnLoginButton -->
  <testcase name="verifyClickOnSignUpButton" time="0.0" classname="com.crm.qa.testcases.LoginTest">
    <ignored/>
  </testcase> <!-- verifyClickOnSignUpButton -->
</testsuite> <!-- Test -->
