<?xml version="1.0" encoding="UTF-8"?>
<!-- Generated by org.testng.reporters.JUnitXMLReporter -->
<testsuite hostname="DESKTOP-S7D7RBF" ignored="0" name="Test" tests="3" failures="0" timestamp="13 Sep 2020 17:06:38 GMT" time="47.505" errors="0">
  <testcase name="verifyClickOnSignUpButton" time="3.313" classname="com.crm.qa.testcases.LoginTest"/>
  <testcase name="verifyClickOnLoginButton" time="6.787" classname="com.crm.qa.testcases.LoginTest"/>
  <testcase name="invalidLogin" time="7.029" classname="com.crm.qa.testcases.LoginTest"/>
</testsuite> <!-- Test -->
